[   0.000000] Initializing cgroup subsys cpuset
[    0.000000] Initializing cgroup subsys cpu
[    0.000000] Initializing cgroup subsys cpuacct
[    0.000000] Linux version 4.4.0-186-generic (buildd@lcy01-amd64-002) (gcc version 5.4.0 20160609 (Ubuntu 5.4.0-6ubuntu1~16.04.12) ) #216-Ubuntu SMP Wed Jul 1 05:34:05 UTC 2020 (Ubuntu 4.4.0-186.216-generic 4.4.228)
[    0.000000] Command line: BOO_IMAGE=/boot/vmlinuz-4.4.0-186-generic root=LABEL=cloudimg-rootfs ro console=tty1 console=ttyS0
[    0.000000] KERNEL supported cpus:
[    0.000000]   Intel GenuineIntel
[    0.000000]   AMD AuthenticAMD
[    0.000000]   Centaur CentaurHauls
[    0.000000] [Firmware Bug]: TSC doesn't count with P0 frequency!
[    0.000000] x86/fpu: xstate_offset[2]:  576, xstate_sizes[2]:  256
[    0.000000] x86/fpu: Supporting XSAVE feature 0x01: 'x87 floating point registers'
[    0.000000] x86/fpu: Supporting XSAVE featristers'
[    0.000000] x86/fpu: Supporting XSAVE feature 0x04: 'AVX registers'
[    0.000000] x86/fpu: Enabled xstate features 0x7, context size is 832 bytes, using 'stan format.
[    0.000000] e820: BIOS-provided physical RAM map:
[    0.000000] BIOS-e820: [mem 0x0000000000000000-0x000000000009fbff] usable
[    0.000000] BIOS-e820: [mem 0x000000000009fc00-0x000000000009ffff] reserved
[    0.000000] BIOS-e820: [mem 0x00000000000f0000-0x00000000000fffff] reserved
[    0.000000] BIOS-e820: [mem 0x0000000000100000-0x000000003ffeffff] usable
[    0.000000] BIOS-e820: [mem 0x000000003fff0000-0x000000003fffffff] ACPI data
[    0.000000] BIOS-e820: [mem 0x00000000fec00000-0x00000000fec00fff] reserved
[    0.000000] BIOS-e820: [mem 0x00000000fee00000-0x00000000fee00fff] reserved
[    0.000000] BIOS-e820: [mem 0x00000000fffc0000-0x00000000ffffffff] reserved
[    0.000000] NX (Execute Disable) protection: active
[    0.000000] SMBIOS 2.5 present.
[    0.000000] Hypervisor detected: KVM
[    0.000000] Kernel/Ur page tables isolation: disabled
[    0.000000] e820: last_pfn = 0x3fff0 max_arch_pfn = 0x400000000
[    0.000000] MTRR: Disabled
[    0.000000] x86/PAT: MTRRs disabled, skipping PAT initialization too.
[    0.000000] CPU MTRRs all blank - virtualized system.
[    0.000000] x86/PAT: Configuration [0-7]: WB  WT  UC- UC  WB  WT  UC- UC  
[    0.000000] found SMP MP-table at [mem 0x0009fff0-0x0009ffff] mapped at [ffff88000009fff0]
[    0.000000] Scanning 1 areas for low memory corruption
[    0.000000] RAMDISK: [mem 0x362e0000-0x37167fff]
[    0.000000] ACPI: Early table checksum verification disabled
[    0.000000] ACPI: RSDP 0x00000000000E0000 000024 (v02 VBOX  )
[    0.000000] ACPI: XSDT 0x000000003FFF0030 00003C (v01 VBOX   VBOXXSDT 00000001 ASL  00000061)
[    0.000000] ACPI: FACP 0x000000003FFF00F0 0000F4 (v04 VBOX   VBOXFACP 00000001 ASL  00000061)
[    0.000000] ACPI: DSDT 0x000000003FFF0470 002325 (v02 VBOX   VBOXBIOS 00000002 INTL 20100528)
[    0.000000] ACPI: FACS 0x000000003FFF0200 000040
[    0.000000] ACPI: FACS 0x000000003FFF0200 000040
[    0.000000] ACPI: APIC 0x000000003FFF0240 00005C (v02 VBOX   VBOXAPIC 00000001 ASL  00000061)
[    0.000000] ACPI: SSDT 0x000000003FFF02A0 0001CC (v01 VBOX   VBOXCPUT 000000TL 20100528)
[    0.0000] No NUMA configuration found
[    0.000000] Faking a node at [mem 0x0000000000000000-0x000000003ffeffff]
[    0.000000] NODE_ATA(0) allocated [mem 0x3ffeb000-0x3ffeffff]
[    0.000000] kvm-clock: Using msrs 4b564d01 and 4b564d00
[    0.000000] kvm-clock: cpu 0, msr 0:3ffe3001, primary cpu clock
[    0.000000] kvm-clock: using sched offset of 3408016004 cycles
[    0.000000] clocksource: kvm-clock: mask: 0xffffffffffffffff max_cycles: 0x1cd42e4dffb, max_idle_ns: 881590591483 ns
[    0.000000] Zone ranges:
[    0.000000]   DMA      [mem 0x0000000000001000-0x0000000000ffffff]
[    0.000000]   DMA32    [mem 0x0000000001000000-0x000000003ffeffff]
[    0.000000]   Normal   empty
[    0.000000]   Device   empty
[    0.000000] Movable zone start for each node
[    0.000000] Early memory node ranges
[    0.000000]   node   0: [mem 0x00000000000010-0x000000000009efff]
[    0.000000]   node   0: [mem 0x0000000000100000-0x000000003ffeffff]
[    0.000000] Initmem setup node 0 [mem 0x0000000000001000-0x000000003ffeffff]
[    0.000000] ACPI: PM-Timer IO Port: 0x4008
[    0.000000] IOAPIC[0]: apic_id 2, version 32, address 0xfec00000, GSI 0-23
[    0.000000] ACPI: INT_SRC_OVR (bus 0 bus_irq 0 global_irq 2 dfl dfl)
[    0.000000] ACPI: INT_SRC_OVR (bus 0 bus_irq 9 global_irq 9 low level)
[    0.000000] Using ACPI (MADT) for SMP configuration information
[    0.000000] smpboot: Allowing 2 CPUs, 0 hotplug CPUs
[    0.000000] PM: Registered nosave memory: [mem 0x00000000-0x00000fff]
[    0.000000] PM: Registered nosave memory: [mem 0x0009f000-0x0009ffff]
[    0.000000] PM: Registered nosave memory: [mem 0x000a0000-0x000effff]
[    0.000000] PM: Registered nosave memory: [mem 0x000f0000-0x000fffff]
[    0.000000] e820: [mem 0x40000000-0xfebfffff] available for PCI devices
[    0.000000] Booting paravirtualized kernel on KVM
[    0000000] clocksource: refined-jiffies: mask: 0xffffffff max_cycles: 0xffffffff, max_idle_ns: 7645519600211568 ns
[    0.000000] setup_percpu: NR_CPUS:512 nr_cpumask_bits:512 nr_cpu_ids:2 nr_node_ids:1
[    0.000000] PERCPU: Embedded 33 pages/cpu @ffff88003fc00000 s95512 r8192 d31464 u1048576[    0.000000] Built 1 zonelists in Node order, mobility grouping on.  Total pages: 257912
[    0.000000] Policy zone: DMA32
[    0.000000] Kernel command line: BOOT_IMAGE=/boot/vmlinuz-4.4.0-186-generic root=LABEL=cloudmg-rootfs ro console=tty1 console=ttyS0
[    0.000000] PID hash table entries: 4096 (order: 3, 32768 bytes)
[    0.000000] Memory: 997664K/1048120K available (8636K kernel code, 1337K rwdata, 4040K rodata, 1492K init, 1296K bss, 50456K reserved, 0K cma-reserved)
[    0.000000] SLUB: HWalig64, Order=0-3, MinObjects=0, CPUs=2, odes=1
[    0.000000] Hierarchical RCU implementation.
[    0.000000] 	Build-time adjustment of leaf fanout to 64.
[    0.000000] 	RCU restricting CPUs from NR_CPUS=512 to nr_cpu_ids=2.
[    0.000000] RCU: Adjusting geometry for rcu_fanout_leaf=64, nr_cpu_ids=2
[    0.000000] NR_IRQS:33024 nr_irqs:440 16
[    0.000000] Console: colour VGA+ 80x25
[    0.000000] console [tty1] enabled
[    0.000000] console [ttyS0] enabled
[    0.000000] tsc: Detected 3599.998 MHz processor
[    2.365864] Calibrating delay loop (skipped) preset value.. 7199.99 BogoMIPS (lpj=14399992)
[    2.392093] pid_max: default: 32768 minimum: 301
[    2.405982] ACPI: Core revision 20150930
[    2.418231] ACPI: 2 ACPI AML tables successfully acquired and loaded
[    2.436795] Security Framework initialized
[    2.448384] Yama: becoming mindful.
[    2.458330] AppArmor: AppArmor initialized
[    2.482691] Dentry cache hash table entries: 131072 (order: 8, 1048576 bytes)
[    2.503286] Inode-cache hash table entries: 65536 (order: 7, 524288 bytes)
[    2.527192] Mount-cache hash table entries: 2048 (order: 2, 16384 bytes)
[    2.558409] Mountpoint-cache hash table entries: 2048 (order: 2, 16384 bytes)
[    2.591279] Initializing cgroup subsys io
[    2.3279] Initializing cgroup subsys memory
[    2.660399] Initializing cgroup subsys devices
[    2.677946] Initializing cgroup subsysfreezer
[    2.705008] Initializing cgroup subsys net_cls
[    2.720395] Initializing cgroup subsys perf_event
[    2.736909] Initializing cgroup subsys net_prio
[  58Initializing cgroup subsys hugetlb
[    2.913411] Initializing cgroup subsys pids
[    2.931213] mce: CPU supports 0 MCE banks
[    2.942432] Last level iTLB entries: 4KB 1024, 2MB 1024, 4MB 512
[    2.970797] Last level dTLB entries: 4KB 1536, 2MB 1536, 4MB 768, 1GB 0
[    2.988961] Spectre V1 : Mitigation: usercopy/swapgs barriers and __user pointer sanitization
[    3.012628] Spectre V2 : Spectre mitigation: LFENCE not serializing, switching to generic retpoline
[    3.038022] Spectre V2 : Mitigation: Full generic retpoline
[    3.053311] Spectre V2 : Spectr / SpectreRSB mitigation: Filling RSB on context switch
[    3.141396] Speculative Store Bypass: Mitigationc Store Bypass disabled via prctl and seccomp
[    3.334553] Freeing SMP alternatives memory: 36K
[    3.352868] ftrace: allocating 32334 entries in 127 pages
[    3.426903] smpboot: APIC(0) Converting physical 0 to logical package 0
[    3.446973] smpboot: Mx logcal packages: 1
[    3.537811] x2apic enabled
[    3.545699] Switched APIC routing to physical x2apic.
[    3.562536] ..TIMER: vector=0x30 apic1=0 pin1=2 apic2=-1 pin2=-1
[    3.687187] APIC calibration not consistent with PM-Timer: 101ms instead of 100ms
[    3.707834] APIC delta adjusted to PM-Timer: 6270011 (6339796)
[    3.724299] smpboot: CPU0: AMD Ryzen 5 2600X Six-Core Processor (family: 0x17, model: 0x8, stepping: 0x2)
[    3.751754] Performance Events: Broken PMU hardware detected, using software events only.
[    3.782492] Failed to access perfctr msr (MSR c0010007 is 0)
[    3.807977] KVM setup paravirtual spinlock
[    3.820454] x86: Booting SMP configuration:
[    3.832228] .... node  #0, CPUs:      #1
[    3.844776] kvm-clock: cpu 1, msr 0:3ffe3041, secondary cpu clock
[    3.868107] mce: CPU supports 0 MCE banks
[    3.881120] x86: Booted up 1 node, 2 CPUs
[    3.892527] smpboot: Total of 2 processors activated (14399.99 BogoMIPS)
[    3.911835] devtmpfs: initialized
[    3.922794] evm: security.selinux
[    3.931808] evm: security.SMACK64
[    3.940986] evm: security.SMACK64EXEC
[    3.950893] evm: security.SMACK64TRANSMUTE
[    3.962323] evm: security.SMACK64MMAP
[    3.972281] evm: security.ima
[    3.987073] evm: security.capability
[    4.000918] clocksource: jiffies: mask: 0xffffffff max_cycles: 0xffffffff, max_idle_ns: 7645041785100000 ns
[    4.030241] futex hash table entries: 512 (order: 3, 32768 bytes)
[    4.047073] pinctrl core: initialized pinctrl subsystem
[    4.062407] RTC time:  7:50:25, date: 07/29/20
[    4.077928] NET: Registered protocol family 16
[    4.101320] cpuidle: using governor ladder
[    4.125548] cpuidle: using governor menu
[    4.136746] PCCT header not found.
[    4.146570] ACPI: bus type PCI registered
[    4.157968] acpiphp: ACPI Hot Plug PCI Controller Driver version: 0.5
[    4.176427] PCI: Using configuration type 1 for base access
[    4.191638] PCI: Using configuration type 1 for extended access
[    4.223229] ACPI: Added _OSI(Module Device)
[    4.235346] ACPI: Added _OSI(Processor Device)
[    4.247357] ACPI: Added _OSI(3.0 _SCP Extensions)
[    4.260413] ACPI: Added _OSI(Processor Aggregator Device)
[    4.275847] ACPI: Executed 1 blocks of module-level executable AML code
[    4.295802] ACPI: Interpreter enabled
[    4.306130] ACPI: (supports S0 S5)
[    4.315598] ACPI: Using IOAPIC for interrupt routing
[    4.329581] PCI: Using host bridge windows from ACPI; if necessary, use "pci=nocrs" and report a bug
[    4.357545] ACPI: PCI Root Bridge [PCI0] (domain 0000 [bus 00-ff])
[    4.375037] acpi PNP0A03:00: _OSC: OS supports [ExtendedConfig ASPM ClockPM Segments MSI]
[    4.398168] acpi PNP0A03:00: _OSC: platform does not support [PCIeCapability]
[    4.418214] acpi PNP0A03:00: _OSC: not requesting control; platform does not support [PCIeCapability]
[    4.446564] acpi PNP0A03:00: _OSC: OS requested [PCIeHotplug PME AER PCIeCapability]
[    4.470313] acpi PNP0A03:00: _OSC: platform willing to grant [PCIeHotplug PME AER]
[    4.498731] acpi PNP0A03:00: _OSC failed (AE_SUPPORT); disabling ASPM
[    4.517403] PCI host bridge to bus 0000:00
[    4.528686] pci_bus 0000:00: root bus resource [io  0x0000-0x0cf7 window]
[    4.547314] pci_bus 0000:00: root bus resource [io  0x0d00-0xffff window]
[    4.578917] pci_bus 0000:00: root bus resource [mem 0x000a0000-0x000bffff window]
[    4.599517] pci_bus 0000:00: root bus resource [mem 0x40000000-0xfdffffff window]
[    4.620601] pci_bus 0000:00: root bus resource [bus 00-ff]
[    4.637361] pci 0000:00:01.1: legacy IDE quirk: reg 0x10: [io  0x01f0-0x01f7]
[    4.657286] pci 0000:00:01.1: legacy IDE quirk: reg 0x14: [io  0x03f6]
[    4.675366] pci 0000:00:01.1: legacy IDE quirk: reg 0x18: [io  0x0170-0x0177]
[    4.695182] pci 0000:00:01.1: legacy IDE quirk: reg 0x1c: [io  0x0376]
[    4.724033] pci 0000:00:07.0: quirk: [io  0x4000-0x403f] claimed by PIIX4 ACPI
[    4.744453] pci 0000:00:07.0: quirk: [io  0x4100-0x410f] claimed by PIIX4 SMB
[    4.769860] ACPI: PCI Interrupt Link [LNKA] (IRQs 5 9 10 *11)
[    4.786736] ACPI: PCI Interrupt Link [LNKB] (IRQs 5 9 *10 11)
[    4.802858] ACPI: PCI Interrupt Link [LNKC] (IRQs 5 *9 10 11)
[    4.819572] ACPI: PCI Interrupt Link [LNKD] (IRQs 5 9 10 *11)
[    4.836214] ACPI: Enabled 2 GPEs in block 00 to 07
[    4.850264] vgaarb: setting as boot device: PCI:0000:00:02.0
[    4.865915] vgaarb: device added: PCI:0000:00:02.0,decodes=io+mem,owns=io+mem,locks=none
[    4.899044] vgaarb: loaded
[    4.919884] vgaarb: bridge control possible 0000:00:02.0
[    4.934850] SCSI subsystem initialized
[    4.948071] ACPI: bus type USB registered
[    4.960293] usbcore: registered new interface driver usbfs
[    4.975328] usbcore: registered new interface driver hub
[    4.990332] usbcore: registered new device driver usb
[    5.004699] PCI: Using ACPI for IRQ routing
[    5.016894] NetLabel: Initializing
[    5 etLabel:  domain hash size = 128
[    5.310135] NetLabel:  protocols = UNLABELED CIPSOv4
[    5.324158] NetLabel:  unlabeled traffic allowed by default
[    5.340334] amd_nb: Cannot enumerate AMD northbridges
[    5.354940] clocksource: Switched to clocksource kvm-clock
[    5.384952] AppArmor: AppArmor Filesystem Enabled
[    5.398386] pnp: PnP ACPI init
[    5.407879] pnp: PnP ACPI: found 3 devices
[    5.428711] clocksource: acpi_pm: mask: 0xffffff max_cycles: 0xffffff, max_idle_ns: 2085701024 ns
[    5.454622] NET: Registered protocol family 2
[    5.468938] TCP established hash table entries: 8192 (order: 4, 65536 bytes)
[    5.488779] TCP bind hash table entries: 8192 (order: 5, 131072 bytes)
[    5.519232] TCP: Hash tables configured (established 8192 bind 8192)
[    5.542520] UDP hash table entries: 512 (order: 2, 16384 bytes)
[    5.559720] UDP-Lite hash table entries: 512 (order: 2, 16384 bytes)
[    5.578126] NET: Registered protocol family 1
[    5.603511] pci 0000:00:00.0: Limiting direct PCI/PCI transfers
[    5.622462] pci 0000:00:01.0: Activating ISA DMA hang workarounds
[    5.659476] Unpacking initramfs...
[    5.930481] Freeing initrd memory: 14880K
[    5.944227] clocksource: tsc: mask: 0xffffffffffffffff max_cycles: 0x33e451ab1a6, max_idle_ns: 440795278720 ns
[    5.975895] platform rtc_cmos: registered platform RTC device (no PNP device found)
[    6.003964] Scanning for low memory corruption every 60 seconds
[    6.026154] audit: initializing netlink subsy(iabled)
[    6.185733] audit: type=2000 audit(1596009028.651:1): initialized
[    6.202861] Initialise system trusted keyring
[    6.215241] HugeTLB registered 2 MB page size, pre-allocated 0 pages
[    6.233524] zbud: loaded
[    6.240980] VFS: Disk quotas dquot_6.6.0
[    6.251959] VFS: Dquot-cache hash table entries: 512 (order 0, 4096 bytes)
[    6.272000] squashfs: version 4.0 (2009/01/31) Phillip Lougher
[    6.291090] fuse init (API version 7.23)
[    6.304303] Key type big_key registered
[    6.315785] Allocating IMA MOK and blacklist keyrings.
[    6.331232] Key type asymmetric registered
[    6.342411] Asymmetric key parser 'x509' registered
[    6.355901] Block layer SCSI generic (bsg) driver version 0.4 loaded (major 249)
[    6.376237] io scheduler noop registered
[    6.387174] io scheduler deadline registered (default)
[    6.401770] io scheduler cfq registered
[    6.412296] pci_hotplug: PCI Hot Plug PCI Core version: 0.5
[    6.427534] pciehp: PCI Express Hot Plug Controller Driver version: 0.4
[    6.445837] ACPI: AC Adapter [AC] (on-line)
[    6.457545] input: Power Button as /devices/LNXSYSTM:00/LNXPWRBN:00/input/input0
[    6.478059] ACPI: Power Button [PWRF]
[    6.488227] input: Sleep Button as /devices/LNXSYSTM:00/LNXSLPBN:00/input/input1
[    6.508869] ACPI: Sleep Button [SLPF]
[    6.519201] GHES: HEST is not enabled!
[    6.529473] Serial: 8250/16550 driver, 32 ports, IRQ sharing enabled
[    6.567307] 00:02: ttyS0 at I/O 0x3f8 (irq = 4, base_baud = 115200) is a 16550A
[    6.589668] Linux agpgart interface v0.103
[    6.616600] loop: module loaded
[    6.628167] scsi host0: ata_piix
[    6.638037] scsi host1: ata_piix
[    6.647616] ata1: PATA max UDMA/33 cmd 0x1f0 ctl 0x3f6 bmdma 0xd000 irq 14
[    6.668135] ata2: PATA max UDMA/33 cmd 0x170 ctl 0x376 bmdma 0xd008 irq 15
[    6.688120] libphy: Fixed MDIO Bus: probe
[    6.736022] tun: Universal TUN/TAP device driver, 1.6
[    6.749751] tun: (C) 1999-2004 Max Krasnyansky <maxk@qualcomm.com>
[    6.767174] PPP generic driver version 2.4.2
[    6.779105] ehci_hcd: USB 2.0 'Enhanced' Host Controller (EHCI) Driver
[    6.797206] ehci-pci: EHCI PCI platform driver
[    6.809316] ehci-platform: EHCI generic platform driver
[    6.824637] ohci_hcd: USB 1.1 'Open' Host Controller (OHCI) Driver
[    6.842096] ohci-pci: OHCI PCI platform driver
[    6.854426] ohci-platform: OHCI generic platform driver
[    6.868571] uhci_hcd: USB Universal Host Controller Interface driver
[    6.886080] i8042: PNP: PS/2 Controller [PNP0303:PS2K,PNP0f03:PS2M] at 0x60,0x64 irq 1,12
[    6.908829] serio: i8042 KBD port at 0x60,0x64 irq 1
[    6.922325] serio: i8042 AUX port at 0x60,0x64 irq 12
[    6.936334] mousedev: PS/2 mouse device common for all mice
[    6.951862] input: AT Translated Set 2 keyboard as /devices/platform/i8042/serio0/input/input2
[    6.959962] rtc_cmos rtc_cmos: rtc core: registered rtc_cmos as rtc0
[    6.960026] rtc_cmos rtc_cmos: alarms up to one day, 114 bytes nvram
[    6.960031] i2c /dev entries driver
[    6.960070] device-mapper: uevent: version 1.0.3
[    6.960111] device-mapper: ioctl: 4.34.0-ioctl (2015-10-28) initialised: dm-devel@redhat.com
[    6.960125] ledtrig-cpu: registered to indicate activity on CPUs
[    6.960352] NET: Registered protocol family 10
[    6.960493] NET: Registered protocol family 17
[    6.960506] Key type dns_resolver registered
[    6.960690] registered taskstats version 1
[    6.960702] Loading compi-in X.509 certificates
[    6.961163] Loaded X.509 cert 'Build time autogenerated kernel key: cef5e81496c0efa51b848ab539e845ddf31c08be'
[    6.961176] zswap: loaded using pool lzo/zbud
[    6.962344] Key type trusted registered
[    6.964380] Key type encrypted registered
[    6.964386] AppArmor: AppArmor sha1 policy hashing enabled
[    6.964389] ima: No TPM chip found, activating TPM-bypass!
[    6.964399] ima: Allocated hash algorithm: sha1
[    6.964412] evm: HMAC attrs: 0x1
[    6.964695]   Magic number: 12:713:825
[    6.975665] rtc_cmos rtc_cmos: setting system clock to 2020-07-29 07:50:28 UTC (1596009028)
[    6.975796] BIOS EDD facility v0.16 2004-Jun-25, 0 devices found
[    6.975796] EDD information not available.
[    7.463615] Freeing unused kernel memory: 1492K
[    7.491871] Write protecting the kernel read-only data: 14336k
[    7.508002] Freeing unused kernel memory: 1592K
[    7.520615] Freeing unused kernel memory: 56K
Loading, please wait...
starting version 229
[    7.542481] random: systemd-udevd: uninitialized urandom read (16 bytes read, 5 bits of entropy available)
[    7.543109] random: udevadm: uninitialized urandom read (16 bytes read, 5 bits of entropy available)
[    7.543131] random: udevadm: uninitialized urandom read (16 bytes read, 5 bits of entropy available)
[    7.552107] random: udevadm: uninitialized urandom read (16 bytes read, 5 bits of entropy available)
[    7.552154] random: udevadm: uninitialized urandom read (16 bytes read, 5 bits of entropy available)
[    7.552287] random: udevadm: uninitialized urandom read (16 bytes reantropy available)
[    7.552362] random: udevadm: uninitialized urandom read (16 bytes read, 5 bits of entropy available)
[    7.552416] random: udevadm: uninitialized urandom read (16 bytes read, 5 bits of entropy available)
[    7.552466] random: udevadm: uninitialized urandom read (16 bytes read, 5 bits of entropy available)
[    7.552516] random: udevadm: uninitialized urandom read (16 bytes read, 5 bits of entropy available)
[    9.074562] e1000: Intel(R) PRO/1000 Network Driver - version 7.3.21-k8-NAPI
[    9.185874] e1000: Copyright (c) 1999-2006 Intel Corporation.
[    9.331227] Fusion MPT base driver 3.04.20
[    9.342926] Copyright (c) 1999-2008 LSI Corporation
[    9.768839] Fusion MPT SPI Host driver 3.04.20
[    9.869885] AVX2 version of gcm_enc/dec engaged.
[   10.230119] AES CTR mode by8 optimization enabled
[   10.236774] input: ImExPS/2 Generic Explorer Mouse as /devices/platform/i8042/serio1/input/input4
[   10.631622] e1000 0000:00:03.0 eth0: (PCI:33MHz:32-bit) 02:e5:f9:b1:f5:c2
[   10.670646] e1000 0000:00:03.0 eth0: Intel(R) PRO/1000 Network Connection
[   10.692606] mptbase: ioc0: Initiating bringup
[   10.767816] ioc0: LSI53C1030 A0: Capabilities={Initiator}
[   10.944998] scsi host2: ioc0: LSI53C1030 A0, FwRev=00000000h, Ports=1, MaxQ=256, IRQ=20
[   11.615398] scsi 2:0:0:0: Direct-Access     VBOX     HARDDISK         1.0  PQ: 0 ANSI: 5
[   11.646391] scsi target2:0:0: Beginning Domain Validation
[   11.662358] scsi target2:0:0: Domain Validation skipping write tests
[   11.679882] scsi target2:0:0: Ending Domain Validation
[   11.694378] scsi target2:0:0: asynchronous
[   11.707192] scsi 2:0:1:0: Direct-Access     VBOX     HARDDISK         1.0  PQ: 0 ANSI: 5
[   11.729995] scsi target2:0:1: Beginning Domain Validation
[   11.745648] scsi target2:0:1: Domain Validation skipping write tests
[   11.763081] scsi target2:0:1: Ending Domain Validation
[   11.777368] scsi target2:0:1: asynchronous
[   11.817095] sd 2:0:0:0: Attached scsi generic sg0 type 0
[   11.831928] sd 2:0:0:0: [sda] 20971520 512-byte logical blocks: (10.7 GB/10.0 GiB)
[   11.853546] sd 2:0:1:0: Attached scsi generic sg1 type 0
[   11.868871] sd 2:0:0:0: [sda] Write Protect is off
[   11.882744] sd 2:0:1:0: [sdb] 20480 512-byte logical blocks: (10.5 MB/10.0 MiB)
[   11.883055] sd 2:0:0:0: [sda] Incomplete mode parameter data
[   11.883056] sd 2:0:0:0: [sda] Assuming drive cache: write through
[   11.895881]  sda: sda1
[   11.896609] sd 2:0:0:0: [sda] Attached SCSI disk
[   11.982841] sd 2:0:1:0: [sdb] Write Protect is off
[   11.995116] e1000 0000:00:08.0 eth1: (PCI:33MHz:32-bit) 08:00:27:ba:a5:34
[   11.995122] e1000 0000:00:08.0 eth1: Intel(R) PRO/1000 Network Connection
[   12.015863] e1000 0000:00:03.0 enp0s3: renamed from eth0
[   12.132629] sd 2:0:1:0: [sdb] Incomplete mode parameter data
[   12.149663] sd 2:0:1:0: [sdb] Assuming drive cache: write through
[   12.222395] e1000 0000:00:08.0 enp0s8: renamed from eth1
[   12.240680] sd 2:0:1:0: [sdb] Attached SCSI disk
Begin: Loading essential drivers ... [   13.828981] md: linear personality registered for level -1
[   13.846447] md: multipath personality registered for level -4
[   13.877205] md: raid0 personality registered for level 0
[   13.895093] md: raid1 personality registered for level 1
[   13.980834] raid6: sse2x1   gen()  8491 MB/s
[   14.058997] raid6: sse2x1   xor()  7916 MB/s
[   14.140015] raid6: sse2x2   gen() 16620 MB/s
[   14.239620] raid6: sse2x2   xor() 10916 MB/s
[   14.319699] raid6: sse2x4   gen() 16102 MB/s
[   14.400781] raid6: sse2x4   xor()  8386 MB/s
[   14.480188] raid6: avx2x1   gen() 17497 MB/s
[   14.560292] raid6: avx2x2   gen() 24791 MB/s
[   14.639385] raid6: avx2x4   gen() 24925 MB/s
[   14.651791] raid6: using algorithm avx2x4 gen() 24925 MB/s
[   14.667450] raid6: using avx2x2 recovery algorithm
[   14.682262] xor: automatically using best checksumming function:
[   14.739279]    avx       : 15182.000 MB/sec
[   14.752673] async_tx: api initialized (async)
[   14.773118] md: raid6 personality registered for level 6
[   14.788504] md: raid5 personality registered for level 5
[   14.803993] md: raid4 personality registered for level 4
[   14.823611] md: raid10 personality registered for level 10
done.
Begin: Running /scripts/init-premount ... done.
Begin: Mounting root file system ... Begin: Running /scripts/local-top ... done.
Begin: Running /scripts/local-premount ... [   14.859868] Btrfs loaded
Scanning for Btrfs filesystems
done.
Warning: fsck not present, so skipping root file system
[   14.957527] EXT4-fs (sda1): mounted filesystem with ordered data mode. Opts: (null)
done.
Begin: Running /scripts/local-bottom ... done.
Begin: Running /scripts/init-bottom ... done.
[   15.332532] systemd[1]: systemd 229 running in system mode. (+PAM +AUDIT +SELINUX +IMA +APPARMOR +SMACK +SYSVINIT +UTMP +LIUP +RYPT +GNUTLS +ACL +XZ -LZ4 +SECCOMP +BLKID +ELFUTILS +KMOD -IDN)
[   15.672431] systemd[1]: Detected virtualization oracle.
[   15.700210] systemd[1]: Detected architecture x86-64.
[   15.716367] random: nonblocking pool is initialized

Welcome to [1mUbuntu 16.04.6 LTS[0m!

[   16.128028] systemd[1]: Set hostname to <ubuntu>.
[   16.160467] systemd[1]: Initializing machine ID from random generator.
[   16.180804] systemd[1]: Installed transient /etc/machine-id file.
[   16.500649] systemd[1]: Listening on Journal Audit Socket.
[[0;32m  OK  [0m] Listening on Journal Audit Socket.
[   16.523328] systemd[1]: Set up automount Arbitrary Executable File Formats File System Automount Point.
[[0;32m  OK  [0m] Set up automount Arbitrary Executab...ats File System Automount Point.
[   16.560039] systemd[1]: Listening on Device-mapper event daemon FIFOs.
[[0;32m  OK  [0m] Listening on Device-mapper event daemon FIFOs.
[   16.588420] systemd[1]: Started Forward Password Requests to Wall Directory Watch.
[[0;32m  OK  [0m] Started Forward Password Requests to Wall Directory Watch.
[   16.619566] systemd[1]: Created slice System Slice.
[[0;32m  OK  [0m] Created slice System Slice.
[   16.639207] systemd[1]: Listening on Syslog Socket.
[[0;32m  OK  [0m] Listening on Syslog Socket.
[   16.659505] systemd[1]: Created slice system-serial\x2dgetty.slice.
[[0;32m  OK  [0m] Created slice system-serial\x2dgetty.slice.
[   16.687668] systemd[1]: Lisn on LVM2 poll daemon socket.
[[0;32m  OK  [0m] Listening on LVM2 poll daemon socket.
[   16.851872] systemd[1]: Reached target Swap.
[[0;32m  OK  [0m] Reached target Swap.
[   16.893935] systemd[1]: Listening on Journal Socket.
[[0;32m  OK  [0m] Listening on Journal Socket.
[   17.491546] systemd[1]: Starting Load Kernel Modules...
         Starting Load Kernel Modules...
[   17.520601] systemd[1]: Mounting POSIX Message Queue File System...
[   17.554757] Loading iSCSI transport class v2.0-870.
         Mounting POSIX Message Queue File System...
[   17.584531] iscsi: registered transport (tcp)
[   17.611680] systemd[1]: Starting Remount Root and Kernel File Systems...
         Starting Remount Root and Kernel File Systems...
[   17.648310] systemd[1]: Mounting Debug File System...
[   17.664134] EXT4-fs (sda1): re-mounted. Opts: (null)
         Mounting Debug File System...
[   17.685306] iscsi: registered transport (iser)
[   17.699993] systemd[1]: Starting Set console keymap...
         Starting Set console keymap...
[   17.755375] systemd[1]: Mounting Huge Pages File System...
         Mounting Huge Pages File System...
[   17.780502] systemd[1]: Starting Create list of required static device nodes for the current kernel...
         Starting Create list of required st... nodes for the current kernel...
[   17.823882] systemd[1]: Listening on /dev/initctl Compatibility Named Pipe.
[[0;32m  OK  [0m] Listening on /dev/initctl Compatibility Named Pipe.
[   17.856306] systemd[1]: Created slice User and Session Slice.
[[0;32m  OK  [0m] Created slice User and Session Slice.
[   17.883370] systemd[1]: Reached target Slices.
[[0;32m  OK  [0m] Reached target Slices.
[   17.907853] systemd[1]: Listening on LVM2 metadata daemon socket.
[[0;32m  OK  [0m] Listening on LVM2 metadata daemon socket.
[   17.947876] systemd[1]: Starting Monitoring of LVM2 mirrors, snapshots etc. using dmeventd or progress polling...
         Starting Monitoring of LVM2 mirrors... dmeventd or progress polling...
[   18.019216] systemd[1]: Listening on Journal Socket (/dev/log).
[[0;32m  OK  [0m] Listening on Journal Socket (/dev/log).
[   18.071095] systemd[1]: Starting Uncomplicated firewall...
         Starting Uncomplicated firewall...
[   18.123627] systemd[1]: Reached target Encrypted Volumes.
[[0;32m  OK  [0m] Reached target Encrypted Volumes.
[   18.151255] systemd[1]: Listening on udev Kernel Socket.
[[0;32m  OK  [0m] Listening on udev Kernel Socket.
[   18.175423] systemd[1]: Started Trigger resolvconf update for networkd DNS.
[[0;32m  OK  [0m] Started Trigger resolvconf update for networkd DNS.
[   18.216456] systemd[1]: Starting Journal Service...
         Starting Journal Service...
[   18.240245] systemd[1]: Reached target System Time Synchronized.
[[0;32m  OK  [0m] Reached target System Time Synchronized.
[   18.288359] systemd[1]: Reached target User and Group Name Lookups.
[[0;32m  OK  [0m] Reached target User and Group Name Lookups.
[   18.315806] systemd[1]: Listening on udev Control Socket.
[[0;32m  OK  [0m] Listening on udev Control Socket.
[   18.355743] systemd[1]: Starting Nameserver information manager...
         Starting Nameserver information manager...
[   18.388275] systemd[1]: Mounted POSIX Message Queue File System.
[[0;32m  OK  [0m] Mounted POSIX Message Queue File System.
[   18.419320] systemd[1]: Mounted Debug File System.
[[0;32m  OK  [0m] Mounted Debug File System.
[   18.439752] systemd[1]: Mounted Huge Pages File System.
[[0;32m  OK  [0m] Mounted Huge Pages File System.
[   18.463305] systemd[1]: Started Journal Service.
[[0;32m  OK  [0m] Started Journal Service.
[[0;32m  OK  [0m] Started Load Kernel Modules.
[[0;32m  OK  [0m] Started Remount Root and Kernel File Systems.
[[0;32m  OK  [0m] Started Set console keymap.
[[0;32m  OK  [0m] Started Create list of required sta...ce nodes for the current kernel.
[[0;32m  OK  [0m] Started Uncomplicated firewall.
[[0;32m  OK  [0m] Started LVM2 metadata daemon.
         Starting Create Static Device Nodes in /dev...
         Starting Load/Save Random Seed...
         Starting udev Coldplug all Devices...
         Mounting FUSE Control File System...
         Starting Apply Kernel Variables...
         Starting Flush Journal to Persistent Storage...
[[0;32m  OK  [0m] Mounted FUSE Control File System.
[[0;32m  OK  [0m] Started Nameserver information manager.
[[0;32m  OK  [0m] Started Create Static Device Nodes in /dev.
[[0;32m  OK  [0m] Started Load/Save Random Seed.
[[0;32m  OK  [0m] Started Apply Kernel Variables.
         Starting udev Kernel Device Manager...
[[0;32m  OK  [0m] Started udev Coldplug all Devices.
[[0;32m  OK  [0m] Started Flush Journal to Persistent Storage.
[[0;32m  OK  [0m] Started udev Kernel Device Manager.
[[0;32m  OK  [0m] Started Dispatch Password Requests to Console Directory Watch.
[[0;32m  OK  [0m] Found device /dev/ttyS0.
[[0;32m  OK  [0m] Listening on Load/Save RF Kill Switch Status /dev/rfkill Watch.
[[0;32m  OK  [0m] Started Monitoring of LVM2 mirrors,...ng dmeventd or progress polling.
[[0;32m  OK  [0m] Reached target Local File Systems (Pre).
[[0;32m  OK  [0m] Reached target Local File Systems.
         Starting Tell Plymouth To Write Out Runtime Data...
         Starting Set console font and keymap...
         Starting Create Volatile Files and Directories...
         Starting Initial cloud-init job (pre-networking)...
         Starting Commit a transient machine-id on disk...
         Starting LSB: AppArmor initialization...
[[0;32m  OK  [0m] Started Tell Plymouth To Write Out Runtime Data.
[[0;32m  OK  [0m] Started Create Volatile Files and Directories.
[[0;32m  OK  [0m] Started Commit a transient machine-id on disk.
         Starting Update UTMP about System Boot/Shutdown...
[[0;32m  OK  [0m] Started Update UTMP about System Boot/Shutdown.
[[0;32m  OK  [0m] Started Set console font and keymap.
[[0;32m  OK  [0m] Created slice system-getty.slice.
[[0;32m  OK  [0m] Started LSB: AppArmor initialization.
         Starting Load AppArmor profiles managed internally by snapd...
[[0;32m  OK  [0m] Started Load AppArmor profiles managed internally by snapd.
[   17.646420] cloud-init[613]: Cloud-init v. 20.2-45-g5f7825e2-0ubuntu1~16.04.1 running 'init-local' at Wed, 29 Jul 2020 07:50:42 +0000. Up 17.38 seconds.
[[0;32m  OK  [0m] Started Initial cloud-init job (pre-networking).
[[0;32m  OK  [0m] Reached target Network (Pre).
         Starting Raise network interfaces...
[[0;32m  OK  [0m] Started Raise network interfaces.
         Starting Initial cloud-init job (metadata service crawler)...
[[0;32m  OK  [0m] Reached target Network.
[   20.156783] cloud-init[963]: Cloud-init v. 20.2-45-g5f7825e2-0ubuntu1~16.04.1 running 'init' at Wed, 29 Jul 2020 07:50:43 +0000. Up 18.24 seconds.
[   20.165270] cloud-init[963]: ci-info: ++++++++++++++++++++++++++++++++++++++Net device info+++++++++++++++++++++++++++++++++++++++
[   20.173131] cloud-init[963]: ci-info: +--------+-------+----------------------------+---------------+--------+-------------------+
[   20.180816] cloud-init[963]: ci-info: | Device |   Up  |          Address           |      Mask     | Scope  |     Hw-Address    |
[   20.188651] cloud-init[963]: ci-info: +--------+-------+----------------------------+---------------+--------+-------------------+
[   20.197477] cloud-init[963]: ci-info: | enp0s3 |  True |         10.0.2.15          | 255.255.255.0 | global | 02:e5:f9:b1:f5:c2 |
[   20.204281] cloud-init[963]: ci-info: | enp0s3 |  True | fe80::e5:f9ff:feb1:f5c2/64 |       .       |  link  | 02:e5:f9:b1:f5:c2 |
[[0;32m  OK  [0m] Started Initial cloud-init job (metadata service crawler).
[   20.204362] cloud-init[963]: ci-info: | enp0s8 | False |             .              |       .       |   .    | 08:00:27:ba:a5:34 |
[   20.220755] cloud-init[963]: ci-info: |   lo   |  True |         127.0.0.1          |   255.0.0.0   |  host  |         .         |
[   20.220853] cloud-init[963]: ci-info: |   lo   |  True |          ::1/128           |       .       |  host  |         .         |
[[0;32m  OK  [0m] Reached target System Initialization.
[   20.220912] cloud-init[963]: ci-info: +--------+-------+----------------------------+---------------+--------+-------------------+
[   20.244235] cloud-init[963]: ci-info: +++++++++++++++++++++++++++Route IPv4 info++++++++++++++++++++++++++++
[   20.244356] cloud-init[963]: ci-info: +-------+-------------+----------+---------------+-----------+-------+
[[0;32m  OK  [0m] Started Message of the Day.
[   20.244398] cloud-init[963]: ci-info: | Route | Destination | Gateway  |    Genmask    | Interface | Flags |
[   20.272594]          cloud-initStarting Socket activation for snappy daemon.[963]: 
ci-info: +-------+-------------+----------+---------------+-----------+-------+
[   20.280264] cloud-init[[963]: [0;32m  OK  [0mci-info: |   0   |   0.0.0.0   | 10.0.2.2 |    0.0.0.0    |   enp0s3  |   UG  |] 
Listening on ACPID Listen Socket.
[[0;32m  OK  [0m] Listening on UUID daemon activation socket.
[   20.280428] cloud-init[963]: ci-info: |   1   |   10.0.2.0  | 0.0.0.0  | 255.255.255.0 |   enp0s3  |   U   |
[   20.321629] [cloud-init[0;32m  OK  [0m] Started ACPI Events Check.[963]: ci-info: +-------+-------------+----------+---------------+-----------+-------+

[[0;32m  OK  [0m] Reached target Paths.
[   20.321818] cloud-init[963]: ci-info: +++++++++++++++++++Route IPv6 info+++++++++++++++++++
[   20.349025] [cloud-init[0;32m  OK  [0m[963]: ] ci-info: +-------+-------------+---------+-----------+-------+Started Daily apt download activities.

[   20.356869] [cloud-init[0;32m  OK  [0m[963]: ] ci-info: | Route | Destination | Gateway | Interface | Flags |Started Daily apt upgrade and clean activities.

[[   20.357064] [0;32m  OK  [0mcloud-init] [963]: Started Daily Cleanup of Temporary Directories.ci-info: +-------+-------------+---------+-----------+-------+

[   20.372491] [cloud-init[0;32m  OK  [0m[963]: ] ci-info: |   0   |  fe80::/64  |    ::   |   enp0s3  |   U   |Listening on D-Bus System Message Bus Socket.

[   20.372907] cloud-init[963]: ci-info: |   3   |   ff00::/8  |    ::   |   enp0s3  |   U   |
[[0;32m  OK  [0m] Reached target Timers.
[   20.380344] cloud-init[963]: ci-info: +-------+-------------+---------+-----------+-------+
[   20.405040]          cloud-initStarting LXD - unix socket.[963]: 
Generating public/private rsa key pair.
[   20.412861] [cloud-init[0;32m  OK  [0m[963]: ] Reached target Cloud-config availability.Your identification has been saved in /etc/ssh/ssh_host_rsa_key.

[[   20.413062] [0;32m  OK  [0mcloud-init] [963]: Reached target Network is Online.Your public key has been saved in /etc/ssh/ssh_host_rsa_key.pub.

[   20.424870] cloud-init[963]: The key fingerprint is:
[   20.440316] cloud-init[963]: SHA256:G4vL9j/Cx6blFyOPWoS9+Fw5b5cyG7/e8oZgxlAtAds root@ubuntu-xenial
[   20.448937] cloud-init[963]: The key's randomart image is:
[   20.449092] cloud-init[963]: +---[RSA 2048]----+
         Starting iSCSI initiator daemon (iscsid)...
[[0;32m  OK  [0m] Listening on Socket activation for snappy daemon.
[[0;32m  OK  [0m] Listening on LXD - unix socket.
[   20.449166] cloud-init[963]: |          ...o   |
[   20.492494] cloud-init[963]: |           oo .  |
[   20.500246] [cloud-init[0;32m  OK  [0m[963]: ] |          ..E.   |Reached target Sockets.

[[0;32m  OK  [0m] Reached target Basic System.
[   20.500439] cloud-init[963]: |         o.      |
[   20.536351] cloud-init[963]: |        S oo     |
[[0;32m  OK  [0m] Started FUSE filesystem for LXC.
[   20.536509] cloud-init[963]: |       . *..B.   |
[   20.577575] cloud-init[963]: |      ..+.+*+= ..|
[   20.577759] cloud-init[963]: |     ...o**.o=*.+|
         Starting System Logging Service...
[   20.577799] cloud-init[963]: |     .o.+B=o o*O+|
[   20.628652] [cloud-init[0;32m  OK  [0m[963]: ] +----[SHA256]-----+Started D-Bus System Message Bus.

[   20.628899] cloud-init[963]: Generating public/private dsa key pair.
[   20.660208] cloud-init[963]: Your identification has been saved in /etc/ssh/ssh_host_dsa_key.
[   20.668757] cloud-init[963]: Your public key has been saved in /etc/ssh/ssh_host_dsa_key.pub.
[   20.676532] cloud-init[963]: The key fingerprint is:
[   20.684405] cloud-init[963]: SHA256:LbRvXnVNiJWDUtnjG4mM1JoBeYVU2UDsa7Q2CFGYPnM root@ubuntu-xenial
[   20.692230] [[0;32m  OK  [0mcloud-init] [963]: Started ACPI event daemon.The key's randomart image is:

[   20.716547]          cloud-initStarting /etc/rc.local Compatibility...[963]: 
+---[DSA 1024]----+
[   20.724582] cloud-init[963]: |        .BoO*B.. |
[   20.732183] [cloud-init[0;32m  OK  [0m[963]: ] |        = * *o*. |Started Regular background program processing daemon.

         Starting LSB: MD monitoring daemon...
[   20.732364] cloud-init[963]: |       ..+ O.o.+.|
[   20.796667]          cloud-initStarting LXD - container startup/shutdown...[963]: 
|       .=oE = +..|
[   20.796901] cloud-init[963]: |        S=.o o.oo|
[   20.844667] cloud-init[963]: |         o. *... |
         Starting Pollinate to seed the pseudo random number generator...
[   20.861012] cloud-init[963]: |          oo..   |
[   20.880602] cloud-init[963]: |         o .     |
[   20.900211] cloud-init[963]: |          .      |
[   20.900314] cloud-init[963]: +----[SHA256]-----+
         Starting Login Service...
[   20.900350] cloud-init[963]: Generating public/private ecdsa key pair.
[   20.980303] cloud-init[963]: Your identification has been saved in /etc/ssh/ssh_host_ecdsa_key.
         Starting Accounts Service...
[   20.980475] cloud-init[963]: Your public key has been saved in /etc/ssh/ssh_host_ecdsa_key.pub.
[   21.309418] cloud-init[963]: The key fingerprint is:
[   21.309519] cloud-init[963]: SHA256:XyMhPNulrdiPAoli1zyJ/alGoxFhTa4Zq+cyBOqqUMw root@ubuntu-xenial
         Starting Virtualbox guest utils...
[   21.309625] cloud-init[963]: The key's randomart image is:
[   21.400269] [cloud-init[0;32m  OK  [0m[963]: ] +---[ECDSA 256]---+Started Deferred execution scheduler.

[   21.400450] cloud-init[963]: |     o.          |
[   21.513220]          cloud-initStarting LSB: Record successful boot for GRUB...[963]: 
|    o...         |
[   21.513468] cloud-init[963]: |   .... + . .    |
[   21.576981] cloud-init[963]: |.o  .=   = =     |
[   21.577090] cloud-init[963]: |..E +B oS + +    |
         Starting Snap Daemon...
[   21.577162] cloud-init[963]: |..+.= @  + + .   |
[   21.632436] cloud-init[963]: |oo.o.+ =..+      |
[   21.632522] cloud-init[963]: |..oo. . +  o     |
[[0;32m  OK  [0m] Started System Logging Service.
[   21.632581] [cloud-init[0;32m  OK  [0m[963]: ] |=  o.... .. .    |Started iSCSI initiator daemon (iscsid).

[   21.731161] [cloud-init[0;32m  OK  [0m[963]: ] +----[SHA256]-----+Started /etc/rc.local Compatibility.

[   21.731332] cloud-init[963]: Generating public/private ed25519 key pair.
[   21.792839] cloud-init[963]: Your identification has been saved in /etc/ssh/ssh_host_ed25519_key.
[   21.792934] cloud-init[963]: [Your public key has been saved in /etc/ssh/ssh_host_ed25519_key.pub.[0;32m  OK  [0m
] Started LXD - container startup/shutdown.
[   21.792999] cloud-init[963]: The key fingerprint is:
[   21.852467] cloud-init[963]: SHA256:TpXNyc0BoakA64c+Dxg3N8Jp28ZqlJcNnjSPR/0+384 root@ubuntu-xenial
[   21.852592] cloud-init[963]: The key's randomart image is:
[[0;32m  OK  [0m] Started Pollinate to seed the pseudo random number generator.
[   21.852632] cloud-init[963]: +--[ED25519 256]--+
[   21.892330] cloud-init[963]: |    .       oo.  |
[   21.976369] [cloud-init[0;32m  OK  [0m[963]: ] |     o     B + . |Started Login Service.

[   21.976743] cloud-init[963]: |    . .  .= = o  |
[   22.165724] cloud-init[963]: |   o o+..o.      |
[   22.165847] cloud-init[963]: |  . X++XS  .     |
[[0;32m  OK  [0m] Started LSB: MD monitoring daemon.
[   22.165942] cloud-init[963]: |   *oO*++   .    |
[   22.200340] cloud-init[963]: |  ..=.+..  .     |
[[0;32m  OK  [0m] Started LSB: Record successful boot for GRUB.[   22.200442] 
cloud-init[963]: |    .*      o  o |
[   22.200532] cloud-init[963]: |   .. .      o..E|
[[   22.376799] [0;32m  OK  [0mcloud-init] [963]: Started Unattended Upgrades Shutdown.+----[SHA256]-----+

         Starting Authenticate and Authorize Users to Run Privileged Tasks...
         Starting OpenBSD Secure Shell server...
         Starting Login to default iSCSI targets...
[[0;32m  OK  [0m] Started Virtualbox guest utils.
[[0;32m  OK  [0m] Started OpenBSD Secure Shell server.
[[0;32m  OK  [0m] Started Authenticate and Authorize Users to Run Privileged Tasks.
[[0;32m  OK  [0m] Started Snap Daemon.
[[0;32m  OK  [0m] Started Login to default iSCSI targets.
[[0;32m  OK  [0m] Started Accounts Service.
[[0;32m  OK  [0m] Reached target Remote File Systems (Pre).
[[0;32m  OK  [0m] Reached target Remote File Systems.
         Starting LSB: Set the CPU Frequency Scaling governor to "ondemand"...
         Starting LSB: automatic crash report generation...
         Starting Permit User Sessions...
         Starting LSB: daemon to balance interrupts for SMP systems...
         Starting Wait until snapd is fully seeded...
[[0;32m  OK  [0m] Started Permit User Sessions.
         Starting Terminate Plymouth Boot Screen...
         Starting Hold until boot process finishes up...
[[0;32m  OK  [0m] Started LSB: Set the CPU Frequency Scaling governor to "ondemand".
[[0;32m  OK  [0m] Started LSB: automatic crash report generation.
[[0;32m  OK  [0m] Started Terminate Plymouth Boot Screen.
[[0;32m  OK  [0m] Started Hold until boot process finishes up.
         Starting Set console scheme...
[[0;32m  OK  [0m] Started Getty on tty1.
[[0;32m  OK  [0m] Started Serial Getty on ttyS0.
[[0;32m  OK  [0m] Reached target Login Prompts.
[[0;32m  OK  [0m] Started LSB: daemon to balance interrupts for SMP systems.
[[0;32m  OK  [0m] Started Set console scheme.
[[0;32m  OK  [0m] Created slice User Slice of vagrant.
         Starting User Manager for UID 1000...
[[0;32m  OK  [0m] Started Session 1 of user vagrant.
[[0;32m  OK  [0m] Started User Manager for UID 1000.
[[0;32m  OK  [0m] Started Wait until snapd is fully seeded.
[[0;32m  OK  [0m] Reached target Multi-User System.
[[0;32m  OK  [0m] Reached target Graphical Interface.
         Starting Update UTMP about System Runlevel Changes...
         Starting Apply the settings specified in cloud-config...
[[0;32m  OK  [0m] Started Update UTMP about System Runlevel Changes.
[   25.811160] cloud-init[1337]: Generating locales (this might take a while)...
[   27.273871] cloud-init[1337]:   en_US.UTF-8... done
[   27.284483] cloud-init[1337]: Generation complete.
[   28.848179] cloud-init[1337]: Cloud-init v. 20.2-45-g5f7825e2-0ubuntu1~16.04.1 running 'modules:config' at Wed, 29 Jul 2020 07:50:51 +0000. Up 25.61 seconds.
ci-info: no authorized SSH keys fingerprints found for user ubuntu.
<14>Jul 29 07:50:54 ec2: 
<14>Jul 29 07:50:54 ec2: #############################################################
<14>Jul 29 07:50:54 ec2: -----BEGIN SSH HOST KEY FINGERPRINTS-----
<14>Jul 29 07:50:54 ec2: 1024 SHA256:LbRvXnVNiJWDUtnjG4mM1JoBeYVU2UDsa7Q2CFGYPnM root@ubuntu-xenial (DSA)
<14>Jul 29 07:50:54 ec2: 256 SHA256:XyMhPNulrdiPAoli1zyJ/alGoxFhTa4Zq+cyBOqqUMw root@ubuntu-xenial (ECDSA)
<14>Jul 29 07:50:54 ec2: 256 SHA256:TpXNyc0BoakA64c+Dxg3N8Jp28ZqlJcNnjSPR/0+384 root@ubuntu-xenial (ED25519)
<14>Jul 29 07:50:54 ec2: 2048 SHA256:G4vL9j/Cx6blFyOPWoS9+Fw5b5cyG7/e8oZgxlAtAds root@ubuntu-xenial (RSA)
<14>Jul 29 07:50:54 ec2: -----END SSH HOST KEY FINGERPRINTS-----
<14>Jul 29 07:50:54 ec2: #############################################################
-----BEGIN SSH HOST KEY KEYS-----
ecdsa-sha2-nistp256 AAAAE2VjZHNhLXNoYTItbmlzdHAyNTYAAAAIbmlzdHAyNTYAAABBBDRfE8h3HCDGAv+08YUYgS5d0IIFea712dnC2JldGb5DS5pCDE3Qu8vcK7It3Ztlxw39rGyJc6Gye+5iJ591kmY= root@ubuntu-xenial
ssh-ed25519 AAAAC3NzaC1lZDI1NTE5AAAAIOZIDErWTs6kMF0qY5Ou5iOs+ZwtGfuJ8pnkthto5wr2 root@ubuntu-xenial
ssh-rsa AAAAB3NzaC1yc2EAAAADAQABAAABAQDEBg9InvH6NeOZ5IiZRplyKqE2ln2SZjthQxpnH3toCrbUA1q0HtDBboC0OyySne8wbAeAsdlnIPDy4Y78OjdrX+vjRsZIf5r9cytK1xU1S7HBFSt8c7KXY8JKCe7dGHeoaP1+waDbIon1D+Co4Q62syYNODX+HlD4xkGVdePEjRABjTiiy8A3HElLTcRBtvPgQ38ZEt9pl0w1enzJYCWU8qkMjiUmxPaPTwLEhjIsKYW44D9s5DQJaTf0al1cScR354oCRYYE/JeKyj0SBstipNhYF6JLsUJhw+3l6Xn/4MUm8TN8gloCRdJMnzhv+NG0xzVPdSZBWXYua+gQo0i7 root@ubuntu-xenial
-----END SSH HOST KEY KEYS-----
[   29.463881] cloud-init[1553]: Cloud-init v. 20.2-45-g5f7825e2-0ubuntu1~16.04.1 running 'modules:final' at Wed, 29 Jul 2020 07:50:54 +0000. Up 29.14 seconds.
[   29.464074] cloud-init[1553]: ci-info: no authorized SSH keys fingerprints found for user ubuntu.
[   29.464155] cloud-init[1553]: Cloud-init v. 20.2-45-g5f7825e2-0ubuntu1~16.04.1 finished at Wed, 29 Jul 2020 07:50:54 +0000. Datasource DataSourceNoCloud [seed=/dev/sdb][dsmode=net].  Up 29.45 seconds

Ubuntu 16.04.6 LTS ubuntu-xenial ttyS0

ubuntu-xenial login: 